<?xml version="1.0" encoding="UTF-8"?>
<coverage generated="1710701735765" clover="3.2.0">
  <project timestamp="1710701735765" name="All files">
    <metrics statements="69" coveredstatements="66" conditionals="22" coveredconditionals="17" methods="28" coveredmethods="26" elements="119" coveredelements="109" complexity="0" loc="69" ncloc="69" packages="2" files="8" classes="8"/>
    <package name="components">
      <metrics statements="68" coveredstatements="65" conditionals="22" coveredconditionals="17" methods="28" coveredmethods="26"/>
      <file name="Body.js" path="/home/ayesha/Desktop/hola-react/src/components/Body.js">
        <metrics statements="26" coveredstatements="24" conditionals="6" coveredconditionals="5" methods="10" coveredmethods="9"/>
        <line num="8" count="1" type="stmt"/>
        <line num="12" count="7" type="stmt"/>
        <line num="13" count="7" type="stmt"/>
        <line num="15" count="7" type="stmt"/>
        <line num="17" count="7" type="stmt"/>
        <line num="21" count="7" type="stmt"/>
        <line num="22" count="2" type="stmt"/>
        <line num="25" count="7" type="stmt"/>
        <line num="26" count="2" type="stmt"/>
        <line num="32" count="2" type="stmt"/>
        <line num="34" count="2" type="stmt"/>
        <line num="37" count="2" type="stmt"/>
        <line num="42" count="7" type="stmt"/>
        <line num="44" count="7" type="cond" truecount="1" falsecount="1"/>
        <line num="45" count="0" type="stmt"/>
        <line num="51" count="7" type="stmt"/>
        <line num="53" count="7" type="cond" truecount="2" falsecount="0"/>
        <line num="65" count="1" type="stmt"/>
        <line num="75" count="1" type="stmt"/>
        <line num="76" count="9" type="stmt"/>
        <line num="79" count="1" type="stmt"/>
        <line num="89" count="1" type="stmt"/>
        <line num="90" count="9" type="stmt"/>
        <line num="92" count="1" type="stmt"/>
        <line num="103" count="0" type="stmt"/>
        <line num="109" count="36" type="stmt"/>
      </file>
      <file name="Cart.js" path="/home/ayesha/Desktop/hola-react/src/components/Cart.js">
        <metrics statements="6" coveredstatements="6" conditionals="4" coveredconditionals="4" methods="3" coveredmethods="3"/>
        <line num="5" count="1" type="stmt"/>
        <line num="6" count="8" type="stmt"/>
        <line num="8" count="4" type="stmt"/>
        <line num="9" count="4" type="stmt"/>
        <line num="10" count="1" type="stmt"/>
        <line num="13" count="4" type="stmt"/>
      </file>
      <file name="Contact.js" path="/home/ayesha/Desktop/hola-react/src/components/Contact.js">
        <metrics statements="2" coveredstatements="2" conditionals="0" coveredconditionals="0" methods="1" coveredmethods="1"/>
        <line num="2" count="1" type="stmt"/>
        <line num="3" count="7" type="stmt"/>
      </file>
      <file name="Header.js" path="/home/ayesha/Desktop/hola-react/src/components/Header.js">
        <metrics statements="7" coveredstatements="6" conditionals="4" coveredconditionals="1" methods="3" coveredmethods="2"/>
        <line num="8" count="1" type="stmt"/>
        <line num="9" count="4" type="stmt"/>
        <line num="10" count="4" type="stmt"/>
        <line num="12" count="4" type="stmt"/>
        <line num="15" count="8" type="stmt"/>
        <line num="17" count="4" type="stmt"/>
        <line num="46" count="0" type="cond" truecount="0" falsecount="2"/>
      </file>
      <file name="ItemList.js" path="/home/ayesha/Desktop/hola-react/src/components/ItemList.js">
        <metrics statements="7" coveredstatements="7" conditionals="4" coveredconditionals="3" methods="4" coveredmethods="4"/>
        <line num="5" count="1" type="stmt"/>
        <line num="6" count="5" type="stmt"/>
        <line num="8" count="5" type="stmt"/>
        <line num="10" count="2" type="stmt"/>
        <line num="12" count="5" type="stmt"/>
        <line num="16" count="19" type="stmt"/>
        <line num="38" count="2" type="stmt"/>
      </file>
      <file name="RestaurantCard.js" path="/home/ayesha/Desktop/hola-react/src/components/RestaurantCard.js">
        <metrics statements="7" coveredstatements="7" conditionals="0" coveredconditionals="0" methods="3" coveredmethods="3"/>
        <line num="3" count="2" type="stmt"/>
        <line num="4" count="37" type="stmt"/>
        <line num="7" count="37" type="stmt"/>
        <line num="9" count="37" type="stmt"/>
        <line num="31" count="2" type="stmt"/>
        <line num="32" count="7" type="stmt"/>
        <line num="33" count="20" type="stmt"/>
      </file>
      <file name="RestrauntMenu.js" path="/home/ayesha/Desktop/hola-react/src/components/RestrauntMenu.js">
        <metrics statements="13" coveredstatements="13" conditionals="4" coveredconditionals="4" methods="4" coveredmethods="4"/>
        <line num="8" count="1" type="stmt"/>
        <line num="9" count="3" type="stmt"/>
        <line num="11" count="3" type="stmt"/>
        <line num="15" count="3" type="stmt"/>
        <line num="17" count="3" type="cond" truecount="2" falsecount="0"/>
        <line num="18" count="2" type="stmt"/>
        <line num="22" count="2" type="stmt"/>
        <line num="25" count="2" type="stmt"/>
        <line num="30" count="2" type="stmt"/>
        <line num="32" count="30" type="stmt"/>
        <line num="37" count="2" type="stmt"/>
        <line num="46" count="24" type="stmt"/>
        <line num="50" count="1" type="stmt"/>
      </file>
    </package>
    <package name="utils">
      <metrics statements="1" coveredstatements="1" conditionals="0" coveredconditionals="0" methods="0" coveredmethods="0"/>
      <file name="appStore.js" path="/home/ayesha/Desktop/hola-react/src/utils/appStore.js">
        <metrics statements="1" coveredstatements="1" conditionals="0" coveredconditionals="0" methods="0" coveredmethods="0"/>
        <line num="4" count="1" type="stmt"/>
      </file>
    </package>
  </project>
</coverage>
