{"/home/ayesha/Desktop/hola-react/src/components/Body.js": {"path":"/home/ayesha/Desktop/hola-react/src/components/Body.js","statementMap":{"0":{"start":{"line":8,"column":13},"end":{"line":123,"column":1}},"1":{"start":{"line":12,"column":52},"end":{"line":12,"column":64}},"2":{"start":{"line":13,"column":54},"end":{"line":13,"column":66}},"3":{"start":{"line":15,"column":38},"end":{"line":15,"column":50}},"4":{"start":{"line":17,"column":33},"end":{"line":17,"column":65}},"5":{"start":{"line":21,"column":2},"end":{"line":23,"column":9}},"6":{"start":{"line":22,"column":4},"end":{"line":22,"column":16}},"7":{"start":{"line":25,"column":20},"end":{"line":40,"column":3}},"8":{"start":{"line":26,"column":17},"end":{"line":28,"column":5}},"9":{"start":{"line":32,"column":17},"end":{"line":32,"column":34}},"10":{"start":{"line":34,"column":4},"end":{"line":36,"column":6}},"11":{"start":{"line":37,"column":4},"end":{"line":39,"column":6}},"12":{"start":{"line":42,"column":23},"end":{"line":42,"column":40}},"13":{"start":{"line":44,"column":2},"end":{"line":49,"column":6}},"14":{"start":{"line":45,"column":4},"end":{"line":49,"column":6}},"15":{"start":{"line":51,"column":40},"end":{"line":51,"column":63}},"16":{"start":{"line":53,"column":2},"end":{"line":122,"column":4}},"17":{"start":{"line":65,"column":14},"end":{"line":65,"column":44}},"18":{"start":{"line":75,"column":41},"end":{"line":77,"column":15}},"19":{"start":{"line":76,"column":16},"end":{"line":76,"column":80}},"20":{"start":{"line":79,"column":14},"end":{"line":79,"column":56}},"21":{"start":{"line":89,"column":35},"end":{"line":91,"column":15}},"22":{"start":{"line":90,"column":25},"end":{"line":90,"column":49}},"23":{"start":{"line":92,"column":14},"end":{"line":92,"column":50}},"24":{"start":{"line":103,"column":29},"end":{"line":103,"column":56}},"25":{"start":{"line":109,"column":10},"end":{"line":118,"column":17}}},"fnMap":{"0":{"name":"(anonymous_0)","decl":{"start":{"line":8,"column":13},"end":{"line":8,"column":14}},"loc":{"start":{"line":8,"column":19},"end":{"line":123,"column":1}},"line":8},"1":{"name":"(anonymous_1)","decl":{"start":{"line":21,"column":12},"end":{"line":21,"column":13}},"loc":{"start":{"line":21,"column":18},"end":{"line":23,"column":3}},"line":21},"2":{"name":"(anonymous_2)","decl":{"start":{"line":25,"column":20},"end":{"line":25,"column":21}},"loc":{"start":{"line":25,"column":32},"end":{"line":40,"column":3}},"line":25},"3":{"name":"(anonymous_3)","decl":{"start":{"line":64,"column":22},"end":{"line":64,"column":23}},"loc":{"start":{"line":64,"column":29},"end":{"line":66,"column":13}},"line":64},"4":{"name":"(anonymous_4)","decl":{"start":{"line":70,"column":21},"end":{"line":70,"column":22}},"loc":{"start":{"line":70,"column":27},"end":{"line":80,"column":13}},"line":70},"5":{"name":"(anonymous_5)","decl":{"start":{"line":75,"column":66},"end":{"line":75,"column":67}},"loc":{"start":{"line":76,"column":16},"end":{"line":76,"column":80}},"line":76},"6":{"name":"(anonymous_6)","decl":{"start":{"line":88,"column":21},"end":{"line":88,"column":22}},"loc":{"start":{"line":88,"column":27},"end":{"line":93,"column":13}},"line":88},"7":{"name":"(anonymous_7)","decl":{"start":{"line":90,"column":16},"end":{"line":90,"column":17}},"loc":{"start":{"line":90,"column":25},"end":{"line":90,"column":49}},"line":90},"8":{"name":"(anonymous_8)","decl":{"start":{"line":103,"column":22},"end":{"line":103,"column":23}},"loc":{"start":{"line":103,"column":29},"end":{"line":103,"column":56}},"line":103},"9":{"name":"(anonymous_9)","decl":{"start":{"line":108,"column":33},"end":{"line":108,"column":34}},"loc":{"start":{"line":109,"column":10},"end":{"line":118,"column":17}},"line":109}},"branchMap":{"0":{"loc":{"start":{"line":44,"column":2},"end":{"line":49,"column":6}},"type":"if","locations":[{"start":{"line":44,"column":2},"end":{"line":49,"column":6}},{"start":{},"end":{}}],"line":44},"1":{"loc":{"start":{"line":53,"column":9},"end":{"line":122,"column":3}},"type":"cond-expr","locations":[{"start":{"line":54,"column":4},"end":{"line":54,"column":15}},{"start":{"line":56,"column":4},"end":{"line":121,"column":10}}],"line":53},"2":{"loc":{"start":{"line":113,"column":13},"end":{"line":117,"column":13}},"type":"cond-expr","locations":[{"start":{"line":114,"column":14},"end":{"line":114,"column":61}},{"start":{"line":116,"column":14},"end":{"line":116,"column":53}}],"line":113}},"s":{"0":1,"1":7,"2":7,"3":7,"4":7,"5":7,"6":2,"7":7,"8":2,"9":2,"10":2,"11":2,"12":7,"13":7,"14":0,"15":7,"16":7,"17":1,"18":1,"19":9,"20":1,"21":1,"22":9,"23":1,"24":0,"25":36},"f":{"0":7,"1":2,"2":2,"3":1,"4":1,"5":9,"6":1,"7":9,"8":0,"9":36},"b":{"0":[0,7],"1":[2,5],"2":[20,16]},"_coverageSchema":"1a1c01bbd47fc00a2c39e90264f33305004495a9","hash":"fb7c6e66fc7ffb46247f67da12046ee7450872e0"}
,"/home/ayesha/Desktop/hola-react/src/components/Cart.js": {"path":"/home/ayesha/Desktop/hola-react/src/components/Cart.js","statementMap":{"0":{"start":{"line":5,"column":13},"end":{"line":39,"column":1}},"1":{"start":{"line":6,"column":20},"end":{"line":6,"column":60}},"2":{"start":{"line":6,"column":43},"end":{"line":6,"column":59}},"3":{"start":{"line":8,"column":19},"end":{"line":8,"column":32}},"4":{"start":{"line":9,"column":26},"end":{"line":11,"column":3}},"5":{"start":{"line":10,"column":4},"end":{"line":10,"column":26}},"6":{"start":{"line":13,"column":2},"end":{"line":38,"column":4}}},"fnMap":{"0":{"name":"(anonymous_0)","decl":{"start":{"line":5,"column":13},"end":{"line":5,"column":14}},"loc":{"start":{"line":5,"column":19},"end":{"line":39,"column":1}},"line":5},"1":{"name":"(anonymous_1)","decl":{"start":{"line":6,"column":32},"end":{"line":6,"column":33}},"loc":{"start":{"line":6,"column":43},"end":{"line":6,"column":59}},"line":6},"2":{"name":"(anonymous_2)","decl":{"start":{"line":9,"column":26},"end":{"line":9,"column":27}},"loc":{"start":{"line":9,"column":32},"end":{"line":11,"column":3}},"line":9}},"branchMap":{"0":{"loc":{"start":{"line":16,"column":7},"end":{"line":23,"column":7}},"type":"binary-expr","locations":[{"start":{"line":16,"column":7},"end":{"line":16,"column":27}},{"start":{"line":17,"column":8},"end":{"line":22,"column":17}}],"line":16},"1":{"loc":{"start":{"line":24,"column":7},"end":{"line":33,"column":7}},"type":"binary-expr","locations":[{"start":{"line":24,"column":7},"end":{"line":24,"column":29}},{"start":{"line":25,"column":8},"end":{"line":32,"column":14}}],"line":24}},"s":{"0":1,"1":4,"2":8,"3":4,"4":4,"5":1,"6":4},"f":{"0":4,"1":8,"2":1},"b":{"0":[4,2],"1":[4,2]},"_coverageSchema":"1a1c01bbd47fc00a2c39e90264f33305004495a9","hash":"4a97f9c16f08b5dbef769ddd2e1e035c195d638f"}
,"/home/ayesha/Desktop/hola-react/src/components/Contact.js": {"path":"/home/ayesha/Desktop/hola-react/src/components/Contact.js","statementMap":{"0":{"start":{"line":2,"column":16},"end":{"line":62,"column":1}},"1":{"start":{"line":3,"column":2},"end":{"line":61,"column":4}}},"fnMap":{"0":{"name":"(anonymous_0)","decl":{"start":{"line":2,"column":16},"end":{"line":2,"column":17}},"loc":{"start":{"line":2,"column":22},"end":{"line":62,"column":1}},"line":2}},"branchMap":{},"s":{"0":1,"1":7},"f":{"0":7},"b":{},"_coverageSchema":"1a1c01bbd47fc00a2c39e90264f33305004495a9","hash":"af28f865232a5ceeaf224878282479e4360709eb"}
,"/home/ayesha/Desktop/hola-react/src/components/Header.js": {"path":"/home/ayesha/Desktop/hola-react/src/components/Header.js","statementMap":{"0":{"start":{"line":8,"column":15},"end":{"line":58,"column":1}},"1":{"start":{"line":9,"column":48},"end":{"line":9,"column":65}},"2":{"start":{"line":10,"column":23},"end":{"line":10,"column":40}},"3":{"start":{"line":12,"column":27},"end":{"line":12,"column":50}},"4":{"start":{"line":15,"column":20},"end":{"line":15,"column":60}},"5":{"start":{"line":15,"column":43},"end":{"line":15,"column":59}},"6":{"start":{"line":17,"column":2},"end":{"line":57,"column":4}},"7":{"start":{"line":46,"column":14},"end":{"line":48,"column":46}}},"fnMap":{"0":{"name":"(anonymous_0)","decl":{"start":{"line":8,"column":15},"end":{"line":8,"column":16}},"loc":{"start":{"line":8,"column":21},"end":{"line":58,"column":1}},"line":8},"1":{"name":"(anonymous_1)","decl":{"start":{"line":15,"column":32},"end":{"line":15,"column":33}},"loc":{"start":{"line":15,"column":43},"end":{"line":15,"column":59}},"line":15},"2":{"name":"(anonymous_2)","decl":{"start":{"line":45,"column":21},"end":{"line":45,"column":22}},"loc":{"start":{"line":45,"column":27},"end":{"line":49,"column":13}},"line":45}},"branchMap":{"0":{"loc":{"start":{"line":25,"column":29},"end":{"line":25,"column":54}},"type":"cond-expr","locations":[{"start":{"line":25,"column":44},"end":{"line":25,"column":47}},{"start":{"line":25,"column":50},"end":{"line":25,"column":54}}],"line":25},"1":{"loc":{"start":{"line":46,"column":14},"end":{"line":48,"column":45}},"type":"cond-expr","locations":[{"start":{"line":47,"column":18},"end":{"line":47,"column":46}},{"start":{"line":48,"column":18},"end":{"line":48,"column":45}}],"line":46}},"s":{"0":1,"1":4,"2":4,"3":4,"4":4,"5":8,"6":4,"7":0},"f":{"0":4,"1":8,"2":0},"b":{"0":[4,0],"1":[0,0]},"_coverageSchema":"1a1c01bbd47fc00a2c39e90264f33305004495a9","hash":"fa3ed230281ffa45375d444e9ee07c5a931a1f0c"}
,"/home/ayesha/Desktop/hola-react/src/components/ItemList.js": {"path":"/home/ayesha/Desktop/hola-react/src/components/ItemList.js","statementMap":{"0":{"start":{"line":5,"column":17},"end":{"line":56,"column":1}},"1":{"start":{"line":6,"column":19},"end":{"line":6,"column":32}},"2":{"start":{"line":8,"column":24},"end":{"line":11,"column":3}},"3":{"start":{"line":10,"column":4},"end":{"line":10,"column":28}},"4":{"start":{"line":12,"column":2},"end":{"line":55,"column":4}},"5":{"start":{"line":16,"column":10},"end":{"line":51,"column":16}},"6":{"start":{"line":38,"column":31},"end":{"line":38,"column":50}}},"fnMap":{"0":{"name":"(anonymous_0)","decl":{"start":{"line":5,"column":17},"end":{"line":5,"column":18}},"loc":{"start":{"line":5,"column":32},"end":{"line":56,"column":1}},"line":5},"1":{"name":"(anonymous_1)","decl":{"start":{"line":8,"column":24},"end":{"line":8,"column":25}},"loc":{"start":{"line":8,"column":34},"end":{"line":11,"column":3}},"line":8},"2":{"name":"(anonymous_2)","decl":{"start":{"line":15,"column":19},"end":{"line":15,"column":20}},"loc":{"start":{"line":16,"column":10},"end":{"line":51,"column":16}},"line":16},"3":{"name":"(anonymous_3)","decl":{"start":{"line":38,"column":25},"end":{"line":38,"column":26}},"loc":{"start":{"line":38,"column":31},"end":{"line":38,"column":50}},"line":38}},"branchMap":{"0":{"loc":{"start":{"line":26,"column":19},"end":{"line":28,"column":58}},"type":"cond-expr","locations":[{"start":{"line":27,"column":22},"end":{"line":27,"column":51}},{"start":{"line":28,"column":22},"end":{"line":28,"column":58}}],"line":26},"1":{"loc":{"start":{"line":43,"column":15},"end":{"line":49,"column":15}},"type":"binary-expr","locations":[{"start":{"line":43,"column":15},"end":{"line":43,"column":40}},{"start":{"line":44,"column":16},"end":{"line":48,"column":18}}],"line":43}},"s":{"0":1,"1":5,"2":5,"3":2,"4":5,"5":19,"6":2},"f":{"0":5,"1":2,"2":19,"3":2},"b":{"0":[19,0],"1":[19,19]},"_coverageSchema":"1a1c01bbd47fc00a2c39e90264f33305004495a9","hash":"3bbe5b1512a68007bbf0708afe1bc32ab1c4add2"}
,"/home/ayesha/Desktop/hola-react/src/components/RestaurantCard.js": {"path":"/home/ayesha/Desktop/hola-react/src/components/RestaurantCard.js","statementMap":{"0":{"start":{"line":3,"column":23},"end":{"line":26,"column":1}},"1":{"start":{"line":4,"column":22},"end":{"line":4,"column":27}},"2":{"start":{"line":7,"column":4},"end":{"line":7,"column":17}},"3":{"start":{"line":9,"column":2},"end":{"line":25,"column":4}},"4":{"start":{"line":31,"column":32},"end":{"line":42,"column":1}},"5":{"start":{"line":32,"column":2},"end":{"line":41,"column":4}},"6":{"start":{"line":33,"column":4},"end":{"line":40,"column":6}}},"fnMap":{"0":{"name":"(anonymous_0)","decl":{"start":{"line":3,"column":23},"end":{"line":3,"column":24}},"loc":{"start":{"line":3,"column":34},"end":{"line":26,"column":1}},"line":3},"1":{"name":"(anonymous_1)","decl":{"start":{"line":31,"column":32},"end":{"line":31,"column":33}},"loc":{"start":{"line":31,"column":52},"end":{"line":42,"column":1}},"line":31},"2":{"name":"(anonymous_2)","decl":{"start":{"line":32,"column":9},"end":{"line":32,"column":10}},"loc":{"start":{"line":32,"column":20},"end":{"line":41,"column":3}},"line":32}},"branchMap":{},"s":{"0":2,"1":37,"2":37,"3":37,"4":2,"5":7,"6":20},"f":{"0":37,"1":7,"2":20},"b":{},"_coverageSchema":"1a1c01bbd47fc00a2c39e90264f33305004495a9","hash":"c2d06024df183c95c791681b2167e4f862c63da3"}
,"/home/ayesha/Desktop/hola-react/src/components/RestrauntMenu.js": {"path":"/home/ayesha/Desktop/hola-react/src/components/RestrauntMenu.js","statementMap":{"0":{"start":{"line":8,"column":22},"end":{"line":55,"column":1}},"1":{"start":{"line":9,"column":20},"end":{"line":9,"column":31}},"2":{"start":{"line":11,"column":18},"end":{"line":11,"column":41}},"3":{"start":{"line":15,"column":36},"end":{"line":15,"column":50}},"4":{"start":{"line":17,"column":2},"end":{"line":17,"column":31}},"5":{"start":{"line":17,"column":24},"end":{"line":17,"column":31}},"6":{"start":{"line":18,"column":2},"end":{"line":18,"column":14}},"7":{"start":{"line":22,"column":4},"end":{"line":22,"column":39}},"8":{"start":{"line":25,"column":4},"end":{"line":25,"column":77}},"9":{"start":{"line":30,"column":4},"end":{"line":34,"column":5}},"10":{"start":{"line":32,"column":8},"end":{"line":33,"column":70}},"11":{"start":{"line":37,"column":2},"end":{"line":54,"column":4}},"12":{"start":{"line":46,"column":8},"end":{"line":51,"column":10}},"13":{"start":{"line":50,"column":30},"end":{"line":50,"column":49}}},"fnMap":{"0":{"name":"(anonymous_0)","decl":{"start":{"line":8,"column":22},"end":{"line":8,"column":23}},"loc":{"start":{"line":8,"column":28},"end":{"line":55,"column":1}},"line":8},"1":{"name":"(anonymous_1)","decl":{"start":{"line":31,"column":6},"end":{"line":31,"column":7}},"loc":{"start":{"line":32,"column":8},"end":{"line":33,"column":70}},"line":32},"2":{"name":"(anonymous_2)","decl":{"start":{"line":44,"column":23},"end":{"line":44,"column":24}},"loc":{"start":{"line":46,"column":8},"end":{"line":51,"column":10}},"line":46},"3":{"name":"(anonymous_3)","decl":{"start":{"line":50,"column":24},"end":{"line":50,"column":25}},"loc":{"start":{"line":50,"column":30},"end":{"line":50,"column":49}},"line":50}},"branchMap":{"0":{"loc":{"start":{"line":17,"column":2},"end":{"line":17,"column":31}},"type":"if","locations":[{"start":{"line":17,"column":2},"end":{"line":17,"column":31}},{"start":{},"end":{}}],"line":17},"1":{"loc":{"start":{"line":49,"column":21},"end":{"line":49,"column":55}},"type":"cond-expr","locations":[{"start":{"line":49,"column":43},"end":{"line":49,"column":47}},{"start":{"line":49,"column":50},"end":{"line":49,"column":55}}],"line":49}},"s":{"0":1,"1":3,"2":3,"3":3,"4":3,"5":1,"6":2,"7":2,"8":2,"9":2,"10":30,"11":2,"12":24,"13":1},"f":{"0":3,"1":30,"2":24,"3":1},"b":{"0":[1,2],"1":[1,23]},"_coverageSchema":"1a1c01bbd47fc00a2c39e90264f33305004495a9","hash":"b25e29f0c8c81fe6527ad3c580e9cc88bd866f01"}
,"/home/ayesha/Desktop/hola-react/src/utils/appStore.js": {"path":"/home/ayesha/Desktop/hola-react/src/utils/appStore.js","statementMap":{"0":{"start":{"line":4,"column":17},"end":{"line":10,"column":2}}},"fnMap":{},"branchMap":{},"s":{"0":1},"f":{},"b":{},"_coverageSchema":"1a1c01bbd47fc00a2c39e90264f33305004495a9","hash":"4072c71705bd88cb7b9ebe961b897dfd6671782b"}
}
