TN:
SF:src/components/Body.js
FN:8,(anonymous_0)
FN:21,(anonymous_1)
FN:25,(anonymous_2)
FN:64,(anonymous_3)
FN:70,(anonymous_4)
FN:75,(anonymous_5)
FN:88,(anonymous_6)
FN:90,(anonymous_7)
FN:103,(anonymous_8)
FN:108,(anonymous_9)
FNF:10
FNH:9
FNDA:7,(anonymous_0)
FNDA:2,(anonymous_1)
FNDA:2,(anonymous_2)
FNDA:1,(anonymous_3)
FNDA:1,(anonymous_4)
FNDA:9,(anonymous_5)
FNDA:1,(anonymous_6)
FNDA:9,(anonymous_7)
FNDA:0,(anonymous_8)
FNDA:36,(anonymous_9)
DA:8,1
DA:12,7
DA:13,7
DA:15,7
DA:17,7
DA:21,7
DA:22,2
DA:25,7
DA:26,2
DA:32,2
DA:34,2
DA:37,2
DA:42,7
DA:44,7
DA:45,0
DA:51,7
DA:53,7
DA:65,1
DA:75,1
DA:76,9
DA:79,1
DA:89,1
DA:90,9
DA:92,1
DA:103,0
DA:109,36
LF:26
LH:24
BRDA:44,0,0,0
BRDA:44,0,1,7
BRDA:53,1,0,2
BRDA:53,1,1,5
BRDA:113,2,0,20
BRDA:113,2,1,16
BRF:6
BRH:5
end_of_record
TN:
SF:src/components/Cart.js
FN:5,(anonymous_0)
FN:6,(anonymous_1)
FN:9,(anonymous_2)
FNF:3
FNH:3
FNDA:4,(anonymous_0)
FNDA:8,(anonymous_1)
FNDA:1,(anonymous_2)
DA:5,1
DA:6,8
DA:8,4
DA:9,4
DA:10,1
DA:13,4
LF:6
LH:6
BRDA:16,0,0,4
BRDA:16,0,1,2
BRDA:24,1,0,4
BRDA:24,1,1,2
BRF:4
BRH:4
end_of_record
TN:
SF:src/components/Contact.js
FN:2,(anonymous_0)
FNF:1
FNH:1
FNDA:7,(anonymous_0)
DA:2,1
DA:3,7
LF:2
LH:2
BRF:0
BRH:0
end_of_record
TN:
SF:src/components/Header.js
FN:8,(anonymous_0)
FN:15,(anonymous_1)
FN:45,(anonymous_2)
FNF:3
FNH:2
FNDA:4,(anonymous_0)
FNDA:8,(anonymous_1)
FNDA:0,(anonymous_2)
DA:8,1
DA:9,4
DA:10,4
DA:12,4
DA:15,8
DA:17,4
DA:46,0
LF:7
LH:6
BRDA:25,0,0,4
BRDA:25,0,1,0
BRDA:46,1,0,0
BRDA:46,1,1,0
BRF:4
BRH:1
end_of_record
TN:
SF:src/components/ItemList.js
FN:5,(anonymous_0)
FN:8,(anonymous_1)
FN:15,(anonymous_2)
FN:38,(anonymous_3)
FNF:4
FNH:4
FNDA:5,(anonymous_0)
FNDA:2,(anonymous_1)
FNDA:19,(anonymous_2)
FNDA:2,(anonymous_3)
DA:5,1
DA:6,5
DA:8,5
DA:10,2
DA:12,5
DA:16,19
DA:38,2
LF:7
LH:7
BRDA:26,0,0,19
BRDA:26,0,1,0
BRDA:43,1,0,19
BRDA:43,1,1,19
BRF:4
BRH:3
end_of_record
TN:
SF:src/components/RestaurantCard.js
FN:3,(anonymous_0)
FN:31,(anonymous_1)
FN:32,(anonymous_2)
FNF:3
FNH:3
FNDA:37,(anonymous_0)
FNDA:7,(anonymous_1)
FNDA:20,(anonymous_2)
DA:3,2
DA:4,37
DA:7,37
DA:9,37
DA:31,2
DA:32,7
DA:33,20
LF:7
LH:7
BRF:0
BRH:0
end_of_record
TN:
SF:src/components/RestrauntMenu.js
FN:8,(anonymous_0)
FN:31,(anonymous_1)
FN:44,(anonymous_2)
FN:50,(anonymous_3)
FNF:4
FNH:4
FNDA:3,(anonymous_0)
FNDA:30,(anonymous_1)
FNDA:24,(anonymous_2)
FNDA:1,(anonymous_3)
DA:8,1
DA:9,3
DA:11,3
DA:15,3
DA:17,3
DA:18,2
DA:22,2
DA:25,2
DA:30,2
DA:32,30
DA:37,2
DA:46,24
DA:50,1
LF:13
LH:13
BRDA:17,0,0,1
BRDA:17,0,1,2
BRDA:49,1,0,1
BRDA:49,1,1,23
BRF:4
BRH:4
end_of_record
TN:
SF:src/utils/appStore.js
FNF:0
FNH:0
DA:4,1
LF:1
LH:1
BRF:0
BRH:0
end_of_record
